<?xml version="1.0" encoding="UTF-8"?>
<!-- Generated by org.testng.reporters.JUnitReportReporter -->
<testsuite skipped="0" hostname="DESKTOP-OL77UVP" name="Testng_framework.datatestng" tests="7" failures="0" timestamp="2020-09-20T11:24:39 IST" time="0.049" errors="0">
  <testcase name="f" time="0.005" classname="Testng_framework.datatestng"/>
  <system-out/>
  <testcase name="f" time="0.012" classname="Testng_framework.datatestng"/>
  <system-out/>
  <testcase name="f" time="0.006" classname="Testng_framework.datatestng"/>
  <system-out/>
  <testcase name="f" time="0.009" classname="Testng_framework.datatestng"/>
  <system-out/>
  <testcase name="f" time="0.007" classname="Testng_framework.datatestng"/>
  <system-out/>
  <testcase name="f" time="0.006" classname="Testng_framework.datatestng"/>
  <system-out/>
  <testcase name="f" time="0.004" classname="Testng_framework.datatestng"/>
  <system-out/>
</testsuite> <!-- Testng_framework.datatestng -->
