<?xml version="1.0" encoding="UTF-8"?>
<!-- Generated by org.testng.reporters.JUnitReportReporter -->
<testsuite skipped="1" hostname="DESKTOP-OL77UVP" name="Testng_framework.NewTest" tests="4" failures="0" timestamp="2020-09-20T11:24:39 IST" time="0.043" errors="0">
  <testcase name="registrationPage" time="0.004" classname="Testng_framework.NewTest"/>
  <system-out/>
  <testcase name="loginPage" time="0.010" classname="Testng_framework.NewTest"/>
  <system-out/>
  <testcase name="searchPage" time="0.029" classname="Testng_framework.NewTest"/>
  <system-out/>
  <testcase name="homePage" classname="Testng_framework.NewTest">
    <skipped/>
  </testcase> <!-- homePage -->
  <system-out/>
</testsuite> <!-- Testng_framework.NewTest -->
