<?xml version="1.0" encoding="UTF-8"?>
<!-- Generated by org.testng.reporters.JUnitReportReporter -->
<testsuite skipped="0" hostname="DESKTOP-OL77UVP" name="Testng_framework.grouptest" tests="3" failures="0" timestamp="2020-09-20T11:25:32 IST" time="0.029" errors="0">
  <testcase name="f1" time="0.021" classname="Testng_framework.grouptest"/>
  <system-out/>
  <testcase name="f3" time="0.006" classname="Testng_framework.grouptest"/>
  <system-out/>
  <testcase name="f5" time="0.002" classname="Testng_framework.grouptest"/>
  <system-out/>
</testsuite> <!-- Testng_framework.grouptest -->
